<?xml version="1.0" encoding="UTF-8"?>
<Site BuildName="(empty)"
	BuildStamp="20240422-0111-Experimental"
	Name="charlize-HP-Spectre-Pro-x360-G2"
	Generator="ctest-3.10.2"
	CompilerName="/usr/bin/c++"
	CompilerVersion="7.5.0"
	OSName="Linux"
	Hostname="charlize-HP-Spectre-Pro-x360-G2"
	OSRelease="5.4.0-131-generic"
	OSVersion="#147~18.04.1-Ubuntu SMP Sat Oct 15 13:10:18 UTC 2022"
	OSPlatform="x86_64"
	Is64Bits="1"
	VendorString="GenuineIntel"
	VendorID="Intel Corporation"
	FamilyID="6"
	ModelID="78"
	ProcessorCacheSize="3072"
	NumberOfLogicalCPU="4"
	NumberOfPhysicalCPU="2"
	TotalVirtualMemory="2047"
	TotalPhysicalMemory="7865"
	LogicalProcessorsPerPhysical="2"
	ProcessorClockFrequency="2410.02"
	>
	<Testing>
		<StartDateTime>Apr 22 11:11 AEST</StartDateTime>
		<StartTestTime>1713748281</StartTestTime>
		<TestList/>
		<EndDateTime>Apr 22 11:11 AEST</EndDateTime>
		<EndTestTime>1713748281</EndTestTime>
		<ElapsedMinutes>0</ElapsedMinutes>
	</Testing>
</Site>
